0 info it worked if it ends with ok
1 verbose cli [ 'C:\\Program Files\\nodejs\\\\node.exe',
1 verbose cli   'C:\\Program Files\\nodejs\\node_modules\\npm\\bin\\npm-cli.js',
1 verbose cli   'install',
1 verbose cli   'myApp.filters' ]
2 info using npm@1.4.28
3 info using node@v0.10.35
4 verbose node symlink C:\Program Files\nodejs\\node.exe
5 warn package.json node-authentication@ No repository field.
6 warn package.json path@0.4.9 path is also the name of a node core module.
7 verbose readDependencies using package.json deps
8 verbose cache add [ 'myApp.filters', null ]
9 verbose cache add name=undefined spec="myApp.filters" args=["myApp.filters",null]
10 verbose parsed url { protocol: null,
10 verbose parsed url   slashes: null,
10 verbose parsed url   auth: null,
10 verbose parsed url   host: null,
10 verbose parsed url   port: null,
10 verbose parsed url   hostname: null,
10 verbose parsed url   hash: null,
10 verbose parsed url   search: null,
10 verbose parsed url   query: null,
10 verbose parsed url   pathname: 'myApp.filters',
10 verbose parsed url   path: 'myApp.filters',
10 verbose parsed url   href: 'myApp.filters' }
11 silly lockFile f8cd2dc3-myApp-filters myApp.filters
12 verbose lock myApp.filters C:\Users\oguzhan.demir\AppData\Roaming\npm-cache\f8cd2dc3-myApp-filters.lock
13 silly lockFile f8cd2dc3-myApp-filters myApp.filters
14 silly lockFile f8cd2dc3-myApp-filters myApp.filters
15 verbose addNamed [ 'myApp.filters', '' ]
16 verbose addNamed [ null, '*' ]
17 silly lockFile 080c4258-myApp-filters myApp.filters@
18 verbose lock myApp.filters@ C:\Users\oguzhan.demir\AppData\Roaming\npm-cache\080c4258-myApp-filters.lock
19 silly addNameRange { name: 'myApp.filters', range: '*', hasData: false }
20 verbose request where is /myApp.filters
21 verbose request registry https://registry.npmjs.org/
22 verbose request id d14111cb1eafda87
23 verbose url raw /myApp.filters
24 verbose url resolving [ 'https://registry.npmjs.org/', './myApp.filters' ]
25 verbose url resolved https://registry.npmjs.org/myApp.filters
26 verbose request where is https://registry.npmjs.org/myApp.filters
27 info trying registry request attempt 1 at 16:38:53
28 http GET https://registry.npmjs.org/myApp.filters
29 http 404 https://registry.npmjs.org/myApp.filters
30 verbose headers { date: 'Tue, 17 Feb 2015 14:41:33 GMT',
30 verbose headers   server: 'CouchDB/1.5.0 (Erlang OTP/R16B03)',
30 verbose headers   'content-type': 'application/json',
30 verbose headers   'cache-control': 'max-age=0',
30 verbose headers   'content-length': '52',
30 verbose headers   'accept-ranges': 'bytes',
30 verbose headers   via: '1.1 varnish',
30 verbose headers   age: '0',
30 verbose headers   'x-served-by': 'cache-ams4129-AMS',
30 verbose headers   'x-cache': 'MISS',
30 verbose headers   'x-cache-hits': '0',
30 verbose headers   'x-timer': 'S1424184092.353420,VS0,VE1646',
30 verbose headers   'keep-alive': 'timeout=10, max=50',
30 verbose headers   connection: 'Keep-Alive' }
31 silly registry.get cb [ 404,
31 silly registry.get   { date: 'Tue, 17 Feb 2015 14:41:33 GMT',
31 silly registry.get     server: 'CouchDB/1.5.0 (Erlang OTP/R16B03)',
31 silly registry.get     'content-type': 'application/json',
31 silly registry.get     'cache-control': 'max-age=0',
31 silly registry.get     'content-length': '52',
31 silly registry.get     'accept-ranges': 'bytes',
31 silly registry.get     via: '1.1 varnish',
31 silly registry.get     age: '0',
31 silly registry.get     'x-served-by': 'cache-ams4129-AMS',
31 silly registry.get     'x-cache': 'MISS',
31 silly registry.get     'x-cache-hits': '0',
31 silly registry.get     'x-timer': 'S1424184092.353420,VS0,VE1646',
31 silly registry.get     'keep-alive': 'timeout=10, max=50',
31 silly registry.get     connection: 'Keep-Alive' } ]
32 silly lockFile 080c4258-myApp-filters myApp.filters@
33 silly lockFile 080c4258-myApp-filters myApp.filters@
34 error 404 404 Not Found: myApp.filters
34 error 404
34 error 404 'myApp.filters' is not in the npm registry.
34 error 404 You should bug the author to publish it
34 error 404 It was specified as a dependency of 'node-authentication'
34 error 404
34 error 404 Note that you can also install from a
34 error 404 tarball, folder, or http url, or git url.
35 error System Windows_NT 6.1.7601
36 error command "C:\\Program Files\\nodejs\\\\node.exe" "C:\\Program Files\\nodejs\\node_modules\\npm\\bin\\npm-cli.js" "install" "myApp.filters"
37 error cwd C:\Users\oguzhan.demir\Documents\nodejssocketio
38 error node -v v0.10.35
39 error npm -v 1.4.28
40 error code E404
41 verbose exit [ 1, true ]
